<?xml version="1.0" encoding="UTF-8"?>
<!-- Generated by org.testng.reporters.JUnitReportReporter -->
<testsuite hostname="DESKTOP-GT7M0CC" failures="0" tests="1" name="com.perftesting.PerfTesting.PerfTestingApplicationTests" time="1.828" errors="0" timestamp="2023-09-14T15:22:14 IST" skipped="0">
  <testcase classname="com.perftesting.PerfTesting.PerfTestingApplicationTests" name="getSubjectAPI" time="1.828"/>
  <system-out/>
</testsuite> <!-- com.perftesting.PerfTesting.PerfTestingApplicationTests -->
